{'senario': 12, 'policy': 'fil', 'STORAGE_NUM_CORES': 4, 'code_name': '12_fil_4'}
==== 1
0
==== 1
100000
==== 1
200000
==== 1
300000
==== 1
400000
==== 1
500000
==== 1
600000
==== 1
700000
==== 1
800000
==== 1
900000
==== 1
1000000
==== 1
1100000
==== 1
1200000
==== 1
1300000
==== 1
1400000
==== 1
1500000
==== 1
1600000
==== 1
1700000
==== 1
1800000
==== 1
1900000
==== 1
2000000
==== 1
2100000
==== 1
2200000
==== 1
2300000
==== 1
2400000
==== 1
2500000
==== 1
2600000
==== 1
2700000
==== 1
2800000
==== 1
2900000
==== 1
3000000
==== 1
3100000
==== 1
3200000
==== 1
3300000
==== 1
3400000
==== 1
3500000
==== 1
3600000
==== 1
3700000
==== 1
3800000
==== 1
3900000
==== 1
4000000
==== 1
4100000
==== 1
4200000
==== 1
4300000
==== 1
4400000
==== 1
4500000
==== 1
4600000
==== 1
4700000
==== 1
4800000
==== 1
4900000
==== 1
5000000
==== 1
5100000
==== 1
5200000
==== 1
5300000
==== 1
5400000
==== 1
5500000
==== 1
5600000
==== 1
5700000
==== 1
5800000
==== 1
5900000
==== 1
6000000
==== 1
6100000
==== 1
6200000
==== 1
6300000
==== 1
6400000
==== 1
6500000
==== 1
6600000
==== 1
6700000
==== 1
6800000
==== 1
6900000
==== 1
7000000
==== 1
7100000
==== 1
7200000
==== 1
7300000
==== 1
7400000
==== 1
7500000
==== 1
7600000
==== 1
7700000
==== 1
7800000
==== 1
7900000
==== 1
8000000
==== 1
8100000
==== 1
8200000
==== 1
8300000
==== 1
8400000
==== 1
8500000
==== 1
8600000
==== 1
8700000
==== 1
8800000
==== 1
8900000
==== 1
9000000
==== 1
9100000
==== 1
9200000
==== 1
9300000
==== 1
9400000
==== 1
9500000
==== 1
9600000
==== 1
9700000
==== 1
9800000
==== 1
9900000
==== 1
10000000
==== 1
------------ 
policy: fil 
minutes: 8.0 
sim time: 10100000 
sec/simsec: 0.0001 
Jobs completed: 101 
senario: 12 
------------
10100000
==== 1
10200000
==== 1
10300000
==== 1
10400000
==== 1
10500000
==== 1
10600000
==== 1
10700000
==== 1
10800000
==== 1
10900000
==== 1
11000000
==== 1
11100000
==== 1
11200000
==== 1
11300000
==== 1
11400000
==== 1
11500000
==== 1
11600000
==== 1
11700000
==== 1
11800000
==== 1
11900000
==== 1
12000000
==== 1
12100000
==== 1
12200000
==== 1
12300000
==== 1
12400000
==== 1
12500000
==== 1
12600000
==== 1
12700000
==== 1
12800000
==== 1
12900000
==== 1
13000000
==== 1
13100000
==== 1
13200000
==== 1
13300000
==== 1
13400000
==== 1
13500000
==== 1
13600000
==== 1
13700000
==== 1
13800000
==== 1
13900000
==== 1
14000000
==== 1
14100000
==== 1
14200000
==== 1
14300000
==== 1
14400000
==== 1
14500000
==== 1
14600000
==== 1
14700000
==== 1
14800000
==== 1
14900000
==== 1
15000000
==== 1
15100000
==== 1
15200000
==== 1
15300000
==== 1
15400000
==== 1
15500000
==== 1
15600000
==== 1
15700000
==== 1
15800000
==== 1
15900000
==== 1
16000000
==== 1
16100000
==== 1
16200000
==== 1
16300000
==== 1
16400000
==== 1
16500000
==== 1
16600000
==== 1
16700000
==== 1
16800000
==== 1
16900000
==== 1
17000000
==== 1
17100000
==== 1
17200000
==== 1
17300000
==== 1
17400000
==== 1
17500000
==== 1
17600000
==== 1
17700000
==== 1
17800000
==== 1
17900000
==== 1
18000000
==== 1
18100000
==== 1
18200000
==== 1
18300000
==== 1
18400000
==== 1
18500000
==== 1
18600000
==== 1
18700000
==== 1
18800000
==== 1
18900000
==== 1
19000000
==== 1
19100000
==== 1
19200000
==== 1
19300000
==== 1
19400000
==== 1
19500000
==== 1
19600000
==== 1
19700000
==== 1
19800000
==== 1
19900000
==== 1
20000000
==== 1
20100000
==== 1
------------ 
policy: fil 
minutes: 17.0 
sim time: 20200000 
sec/simsec: 0.0001 
Jobs completed: 202 
senario: 12 
------------
20200000
==== 1
20300000
==== 1
20400000
==== 1
20500000
==== 1
20600000
==== 1
20700000
==== 1
20800000
==== 1
20900000
==== 1
21000000
==== 1
21100000
==== 1
21200000
==== 1
21300000
==== 1
21400000
==== 1
21500000
==== 1
21600000
==== 1
21700000
==== 1
21800000
==== 1
21900000
==== 1
22000000
==== 1
22100000
==== 1
22200000
==== 1
22300000
==== 1
22400000
==== 1
22500000
==== 1
22600000
==== 1
22700000
==== 1
22800000
==== 1
22900000
==== 1
23000000
==== 1
23100000
==== 1
23200000
==== 1
23300000
==== 1
23400000
==== 1
23500000
==== 1
23600000
==== 1
23700000
==== 1
23800000
==== 1
23900000
==== 1
24000000
==== 1
24100000
==== 1
24200000
==== 1
24300000
==== 1
24400000
==== 1
24500000
==== 1
24600000
==== 1
24700000
==== 1
24800000
==== 1
24900000
==== 1
25000000
==== 1
25100000
==== 1
25200000
==== 1
25300000
==== 1
25400000
==== 1
25500000
==== 1
25600000
==== 1
25700000
==== 1
25800000
==== 1
25900000
==== 1
26000000
==== 1
26100000
==== 1
26200000
==== 1
26300000
==== 1
26400000
==== 1
26500000
==== 1
26600000
==== 1
26700000
==== 1
26800000
==== 1
26900000
==== 1
27000000
==== 1
27100000
==== 1
27200000
==== 1
27300000
==== 1
27400000
==== 1
27500000
==== 1
27600000
==== 1
27700000
==== 1
27800000
==== 1
27900000
==== 1
28000000
==== 1
28100000
==== 1
28200000
==== 1
28300000
==== 1
28400000
==== 1
28500000
==== 1
28600000
==== 1
28700000
==== 1
28800000
==== 1
28900000
==== 1
29000000
==== 1
29100000
==== 1
29200000
==== 1
29300000
==== 1
29400000
==== 1
29500000
==== 1
29600000
==== 1
29700000
==== 1
29800000
==== 1
29900000
==== 1
30000000
==== 1
30100000
==== 1
30200000
==== 1
------------ 
policy: fil 
minutes: 26.0 
sim time: 30300000 
sec/simsec: 0.0001 
Jobs completed: 303 
senario: 12 
------------
30300000
==== 1
30400000
==== 1
30500000
==== 1
30600000
==== 1
30700000
==== 1
30800000
==== 1
30900000
==== 1
31000000
==== 1
31100000
==== 1
31200000
==== 1
31300000
==== 1
31400000
==== 1
31500000
==== 1
31600000
==== 1
31700000
==== 1
31800000
==== 1
31900000
==== 1
32000000
==== 1
32100000
==== 1
32200000
==== 1
32300000
==== 1
32400000
==== 1
32500000
==== 1
32600000
==== 1
32700000
==== 1
32800000
==== 1
32900000
==== 1
33000000
==== 1
33100000
==== 1
33200000
==== 1
33300000
==== 1
33400000
==== 1
33500000
==== 1
33600000
==== 1
33700000
==== 1
33800000
==== 1
33900000
==== 1
34000000
==== 1
34100000
==== 1
34200000
==== 1
34300000
==== 1
34400000
==== 1
34500000
==== 1
34600000
==== 1
34700000
==== 1
34800000
==== 1
34900000
==== 1
35000000
==== 1
35100000
==== 1
35200000
==== 1
35300000
==== 1
35400000
==== 1
35500000
==== 1
35600000
==== 1
35700000
==== 1
35800000
==== 1
35900000
==== 1
36000000
==== 1
36100000
==== 1
36200000
==== 1
36300000
==== 1
36400000
==== 1
36500000
==== 1
36600000
==== 1
36700000
==== 1
36800000
==== 1
36900000
==== 1
37000000
==== 1
37100000
==== 1
37200000
==== 1
37300000
==== 1
37400000
==== 1
37500000
==== 1
37600000
==== 1
37700000
==== 1
37800000
==== 1
37900000
==== 1
38000000
==== 1
38100000
==== 1
38200000
==== 1
38300000
==== 1
38400000
==== 1
38500000
==== 1
38600000
==== 1
38700000
==== 1
38800000
==== 1
38900000
==== 1
39000000
==== 1
39100000
==== 1
39200000
==== 1
39300000
==== 1
39400000
==== 1
39500000
==== 1
39600000
==== 1
39700000
==== 1
39800000
==== 1
39900000
==== 1
40000000
==== 1
40100000
==== 1
40200000
==== 1
40300000
==== 1
------------ 
policy: fil 
minutes: 34.0 
sim time: 40400000 
sec/simsec: 0.0001 
Jobs completed: 404 
senario: 12 
------------
40400000
==== 1
40500000
==== 1
40600000
==== 1
40700000
==== 1
40800000
==== 1
40900000
==== 1
41000000
==== 1
41100000
==== 1
41200000
==== 1
41300000
==== 1
41400000
==== 1
41500000
==== 1
41600000
==== 1
41700000
==== 1
41800000
==== 1
41900000
==== 1
42000000
==== 1
42100000
==== 1
42200000
==== 1
42300000
==== 1
42400000
==== 1
42500000
==== 1
42600000
==== 1
42700000
==== 1
42800000
==== 1
42900000
==== 1
43000000
==== 1
43100000
==== 1
43200000
==== 1
43300000
==== 1
43400000
==== 1
43500000
==== 1
43600000
==== 1
43700000
==== 1
43800000
==== 1
43900000
==== 1
44000000
==== 1
44100000
==== 1
44200000
==== 1
44300000
==== 1
44400000
==== 1
44500000
==== 1
44600000
==== 1
44700000
==== 1
44800000
==== 1
44900000
==== 1
45000000
==== 1
45100000
==== 1
45200000
==== 1
45300000
==== 1
45400000
==== 1
45500000
==== 1
45600000
==== 1
45700000
==== 1
45800000
==== 1
45900000
==== 1
46000000
==== 1
46100000
==== 1
46200000
==== 1
46300000
==== 1
46400000
==== 1
46500000
==== 1
46600000
==== 1
46700000
==== 1
46800000
==== 1
46900000
==== 1
47000000
==== 1
47100000
==== 1
47200000
==== 1
47300000
==== 1
47400000
==== 1
47500000
==== 1
47600000
==== 1
47700000
==== 1
47800000
==== 1
47900000
==== 1
48000000
==== 1
48100000
==== 1
48200000
==== 1
48300000
==== 1
48400000
==== 1
48500000
==== 1
48600000
==== 1
48700000
==== 1
48800000
==== 1
48900000
==== 1
49000000
==== 1
49100000
==== 1
49200000
==== 1
49300000
==== 1
49400000
==== 1
49500000
==== 1
49600000
==== 1
49700000
==== 1
49800000
==== 1
49900000
==== 1
50000000
==== 1
42.284822857379915 2537.089380502701 4.612889783165671e-06
