{'senario': 1, 'policy': 'com', 'STORAGE_NUM_CORES': 1, 'code_name': '1_com_1'}
best_cut 0 com
==== 0
0
best_cut 0 com
==== 0
100000
best_cut 0 com
==== 0
200000
best_cut 0 com
==== 0
300000
best_cut 0 com
==== 0
400000
best_cut 0 com
==== 0
500000
best_cut 0 com
==== 0
600000
best_cut 0 com
==== 0
700000
best_cut 0 com
==== 0
800000
best_cut 0 com
==== 0
900000
best_cut 0 com
==== 0
1000000
best_cut 0 com
==== 0
1100000
best_cut 0 com
==== 0
1200000
best_cut 0 com
==== 0
1300000
best_cut 0 com
==== 0
1400000
best_cut 0 com
==== 0
1500000
best_cut 0 com
==== 0
1600000
best_cut 0 com
==== 0
1700000
best_cut 0 com
==== 0
1800000
best_cut 0 com
==== 0
1900000
best_cut 0 com
==== 0
2000000
best_cut 0 com
==== 0
2100000
best_cut 0 com
==== 0
2200000
best_cut 0 com
==== 0
2300000
best_cut 0 com
==== 0
2400000
best_cut 0 com
==== 0
2500000
best_cut 0 com
==== 0
2600000
best_cut 0 com
==== 0
2700000
best_cut 0 com
==== 0
2800000
best_cut 0 com
==== 0
2900000
best_cut 0 com
==== 0
3000000
best_cut 0 com
==== 0
3100000
best_cut 0 com
==== 0
3200000
best_cut 0 com
==== 0
3300000
best_cut 0 com
==== 0
3400000
best_cut 0 com
==== 0
3500000
best_cut 0 com
==== 0
3600000
best_cut 0 com
==== 0
3700000
best_cut 0 com
==== 0
3800000
best_cut 0 com
==== 0
3900000
best_cut 0 com
==== 0
4000000
best_cut 0 com
==== 0
4100000
best_cut 0 com
==== 0
4200000
best_cut 0 com
==== 0
4300000
best_cut 0 com
==== 0
4400000
best_cut 0 com
==== 0
4500000
best_cut 0 com
==== 0
4600000
best_cut 0 com
==== 0
4700000
best_cut 0 com
==== 0
4800000
best_cut 0 com
==== 0
4900000
best_cut 0 com
==== 0
5000000
best_cut 0 com
==== 0
5100000
best_cut 0 com
==== 0
5200000
best_cut 0 com
==== 0
5300000
best_cut 0 com
==== 0
5400000
best_cut 0 com
==== 0
5500000
best_cut 0 com
==== 0
5600000
best_cut 0 com
==== 0
5700000
best_cut 0 com
==== 0
5800000
best_cut 0 com
==== 0
5900000
best_cut 0 com
==== 0
6000000
best_cut 0 com
==== 0
6100000
best_cut 0 com
==== 0
6200000
best_cut 0 com
==== 0
6300000
best_cut 0 com
==== 0
6400000
best_cut 0 com
==== 0
6500000
best_cut 0 com
==== 0
6600000
best_cut 0 com
==== 0
6700000
best_cut 0 com
==== 0
6800000
best_cut 0 com
==== 0
6900000
best_cut 0 com
==== 0
7000000
best_cut 0 com
==== 0
7100000
best_cut 0 com
==== 0
7200000
best_cut 0 com
==== 0
7300000
best_cut 0 com
==== 0
7400000
best_cut 0 com
==== 0
7500000
best_cut 0 com
==== 0
7600000
best_cut 0 com
==== 0
7700000
best_cut 0 com
==== 0
7800000
best_cut 0 com
==== 0
7900000
best_cut 0 com
==== 0
8000000
best_cut 0 com
==== 0
8100000
best_cut 0 com
==== 0
8200000
best_cut 0 com
==== 0
8300000
best_cut 0 com
==== 0
8400000
best_cut 0 com
==== 0
8500000
best_cut 0 com
==== 0
8600000
best_cut 0 com
==== 0
8700000
best_cut 0 com
==== 0
8800000
best_cut 0 com
==== 0
8900000
best_cut 0 com
==== 0
9000000
best_cut 0 com
==== 0
9100000
best_cut 0 com
==== 0
9200000
best_cut 0 com
==== 0
9300000
best_cut 0 com
==== 0
9400000
best_cut 0 com
==== 0
9500000
best_cut 0 com
==== 0
9600000
best_cut 0 com
==== 0
9700000
best_cut 0 com
==== 0
9800000
best_cut 0 com
==== 0
9900000
best_cut 0 com
==== 0
10000000
best_cut 0 com
==== 0
------------ 
policy: com 
minutes: 8.0 
sim time: 10100000 
sec/simsec: 0.0001 
Jobs completed: 101 
senario: 1 
------------
10100000
best_cut 0 com
==== 0
10200000
best_cut 0 com
==== 0
10300000
best_cut 0 com
==== 0
10400000
best_cut 0 com
==== 0
10500000
best_cut 0 com
==== 0
10600000
best_cut 0 com
==== 0
10700000
best_cut 0 com
==== 0
10800000
best_cut 0 com
==== 0
10900000
best_cut 0 com
==== 0
11000000
best_cut 0 com
==== 0
11100000
best_cut 0 com
==== 0
11200000
best_cut 0 com
==== 0
11300000
best_cut 0 com
==== 0
11400000
best_cut 0 com
==== 0
11500000
best_cut 0 com
==== 0
11600000
best_cut 0 com
==== 0
11700000
best_cut 0 com
==== 0
11800000
best_cut 0 com
==== 0
11900000
best_cut 0 com
==== 0
12000000
best_cut 0 com
==== 0
12100000
best_cut 0 com
==== 0
12200000
best_cut 0 com
==== 0
12300000
best_cut 0 com
==== 0
12400000
best_cut 0 com
==== 0
12500000
best_cut 0 com
==== 0
12600000
best_cut 0 com
==== 0
12700000
best_cut 0 com
==== 0
12800000
best_cut 0 com
==== 0
12900000
best_cut 0 com
==== 0
13000000
best_cut 0 com
==== 0
13100000
best_cut 0 com
==== 0
13200000
best_cut 0 com
==== 0
13300000
best_cut 0 com
==== 0
13400000
best_cut 0 com
==== 0
13500000
best_cut 0 com
==== 0
13600000
best_cut 0 com
==== 0
13700000
best_cut 0 com
==== 0
13800000
best_cut 0 com
==== 0
13900000
best_cut 0 com
==== 0
14000000
best_cut 0 com
==== 0
14100000
best_cut 0 com
==== 0
14200000
best_cut 0 com
==== 0
14300000
best_cut 0 com
==== 0
14400000
best_cut 0 com
==== 0
14500000
best_cut 0 com
==== 0
14600000
best_cut 0 com
==== 0
14700000
best_cut 0 com
==== 0
14800000
best_cut 0 com
==== 0
14900000
best_cut 0 com
==== 0
15000000
best_cut 0 com
==== 0
15100000
best_cut 0 com
==== 0
15200000
best_cut 0 com
==== 0
15300000
best_cut 0 com
==== 0
15400000
best_cut 0 com
==== 0
15500000
best_cut 0 com
==== 0
15600000
best_cut 0 com
==== 0
15700000
best_cut 0 com
==== 0
15800000
best_cut 0 com
==== 0
15900000
best_cut 0 com
==== 0
16000000
best_cut 0 com
==== 0
16100000
best_cut 0 com
==== 0
16200000
best_cut 0 com
==== 0
16300000
best_cut 0 com
==== 0
16400000
best_cut 0 com
==== 0
16500000
best_cut 0 com
==== 0
16600000
best_cut 0 com
==== 0
16700000
best_cut 0 com
==== 0
16800000
best_cut 0 com
==== 0
16900000
best_cut 0 com
==== 0
17000000
best_cut 0 com
==== 0
17100000
best_cut 0 com
==== 0
17200000
best_cut 0 com
==== 0
17300000
best_cut 0 com
==== 0
17400000
best_cut 0 com
==== 0
17500000
best_cut 0 com
==== 0
17600000
best_cut 0 com
==== 0
17700000
best_cut 0 com
==== 0
17800000
best_cut 0 com
==== 0
17900000
best_cut 0 com
==== 0
18000000
best_cut 0 com
==== 0
18100000
best_cut 0 com
==== 0
18200000
best_cut 0 com
==== 0
18300000
best_cut 0 com
==== 0
18400000
best_cut 0 com
==== 0
18500000
best_cut 0 com
==== 0
18600000
best_cut 0 com
==== 0
18700000
best_cut 0 com
==== 0
18800000
best_cut 0 com
==== 0
18900000
best_cut 0 com
==== 0
19000000
best_cut 0 com
==== 0
19100000
best_cut 0 com
==== 0
19200000
best_cut 0 com
==== 0
19300000
best_cut 0 com
==== 0
19400000
best_cut 0 com
==== 0
19500000
best_cut 0 com
==== 0
19600000
best_cut 0 com
==== 0
19700000
best_cut 0 com
==== 0
19800000
best_cut 0 com
==== 0
19900000
best_cut 0 com
==== 0
20000000
best_cut 0 com
==== 0
20100000
best_cut 0 com
==== 0
------------ 
policy: com 
minutes: 18.0 
sim time: 20200000 
sec/simsec: 0.0001 
Jobs completed: 202 
senario: 1 
------------
20200000
best_cut 0 com
==== 0
20300000
best_cut 0 com
==== 0
20400000
best_cut 0 com
==== 0
20500000
best_cut 0 com
==== 0
20600000
best_cut 0 com
==== 0
20700000
best_cut 0 com
==== 0
20800000
best_cut 0 com
==== 0
20900000
best_cut 0 com
==== 0
21000000
best_cut 0 com
==== 0
21100000
best_cut 0 com
==== 0
21200000
best_cut 0 com
==== 0
21300000
best_cut 0 com
==== 0
21400000
best_cut 0 com
==== 0
21500000
best_cut 0 com
==== 0
21600000
best_cut 0 com
==== 0
21700000
best_cut 0 com
==== 0
21800000
best_cut 0 com
==== 0
21900000
best_cut 0 com
==== 0
22000000
best_cut 0 com
==== 0
22100000
best_cut 0 com
==== 0
22200000
best_cut 0 com
==== 0
22300000
best_cut 0 com
==== 0
22400000
best_cut 0 com
==== 0
22500000
best_cut 0 com
==== 0
22600000
best_cut 0 com
==== 0
22700000
best_cut 0 com
==== 0
22800000
best_cut 0 com
==== 0
22900000
best_cut 0 com
==== 0
23000000
best_cut 0 com
==== 0
23100000
best_cut 0 com
==== 0
23200000
best_cut 0 com
==== 0
23300000
best_cut 0 com
==== 0
23400000
best_cut 0 com
==== 0
23500000
best_cut 0 com
==== 0
23600000
best_cut 0 com
==== 0
23700000
best_cut 0 com
==== 0
23800000
best_cut 0 com
==== 0
23900000
best_cut 0 com
==== 0
24000000
best_cut 0 com
==== 0
24100000
best_cut 0 com
==== 0
24200000
best_cut 0 com
==== 0
24300000
best_cut 0 com
==== 0
24400000
best_cut 0 com
==== 0
24500000
best_cut 0 com
==== 0
24600000
best_cut 0 com
==== 0
24700000
best_cut 0 com
==== 0
24800000
best_cut 0 com
==== 0
24900000
best_cut 0 com
==== 0
25000000
best_cut 0 com
==== 0
25100000
best_cut 0 com
==== 0
25200000
best_cut 0 com
==== 0
25300000
best_cut 0 com
==== 0
25400000
best_cut 0 com
==== 0
25500000
best_cut 0 com
==== 0
25600000
best_cut 0 com
==== 0
25700000
best_cut 0 com
==== 0
25800000
best_cut 0 com
==== 0
25900000
best_cut 0 com
==== 0
26000000
best_cut 0 com
==== 0
26100000
best_cut 0 com
==== 0
26200000
best_cut 0 com
==== 0
26300000
best_cut 0 com
==== 0
26400000
best_cut 0 com
==== 0
26500000
best_cut 0 com
==== 0
26600000
best_cut 0 com
==== 0
26700000
best_cut 0 com
==== 0
26800000
best_cut 0 com
==== 0
26900000
best_cut 0 com
==== 0
27000000
best_cut 0 com
==== 0
27100000
best_cut 0 com
==== 0
27200000
best_cut 0 com
==== 0
27300000
best_cut 0 com
==== 0
27400000
best_cut 0 com
==== 0
27500000
best_cut 0 com
==== 0
27600000
best_cut 0 com
==== 0
27700000
best_cut 0 com
==== 0
27800000
best_cut 0 com
==== 0
27900000
best_cut 0 com
==== 0
28000000
best_cut 0 com
==== 0
28100000
best_cut 0 com
==== 0
28200000
best_cut 0 com
==== 0
28300000
best_cut 0 com
==== 0
28400000
best_cut 0 com
==== 0
28500000
best_cut 0 com
==== 0
28600000
best_cut 0 com
==== 0
28700000
best_cut 0 com
==== 0
28800000
best_cut 0 com
==== 0
28900000
best_cut 0 com
==== 0
29000000
best_cut 0 com
==== 0
29100000
best_cut 0 com
==== 0
29200000
best_cut 0 com
==== 0
29300000
best_cut 0 com
==== 0
29400000
best_cut 0 com
==== 0
29500000
best_cut 0 com
==== 0
29600000
best_cut 0 com
==== 0
29700000
best_cut 0 com
==== 0
29800000
best_cut 0 com
==== 0
29900000
best_cut 0 com
==== 0
30000000
best_cut 0 com
==== 0
30100000
best_cut 0 com
==== 0
30200000
best_cut 0 com
==== 0
------------ 
policy: com 
minutes: 27.0 
sim time: 30300000 
sec/simsec: 0.0001 
Jobs completed: 303 
senario: 1 
------------
30300000
best_cut 0 com
==== 0
30400000
best_cut 0 com
==== 0
30500000
best_cut 0 com
==== 0
30600000
best_cut 0 com
==== 0
30700000
best_cut 0 com
==== 0
30800000
best_cut 0 com
==== 0
30900000
best_cut 0 com
==== 0
31000000
best_cut 0 com
==== 0
31100000
best_cut 0 com
==== 0
31200000
best_cut 0 com
==== 0
31300000
best_cut 0 com
==== 0
31400000
best_cut 0 com
==== 0
31500000
best_cut 0 com
==== 0
31600000
best_cut 0 com
==== 0
31700000
best_cut 0 com
==== 0
31800000
best_cut 0 com
==== 0
31900000
best_cut 0 com
==== 0
32000000
best_cut 0 com
==== 0
32100000
best_cut 0 com
==== 0
32200000
best_cut 0 com
==== 0
32300000
best_cut 0 com
==== 0
32400000
best_cut 0 com
==== 0
32500000
best_cut 0 com
==== 0
32600000
best_cut 0 com
==== 0
32700000
best_cut 0 com
==== 0
32800000
best_cut 0 com
==== 0
32900000
best_cut 0 com
==== 0
33000000
best_cut 0 com
==== 0
33100000
best_cut 0 com
==== 0
33200000
best_cut 0 com
==== 0
33300000
best_cut 0 com
==== 0
33400000
best_cut 0 com
==== 0
33500000
best_cut 0 com
==== 0
33600000
best_cut 0 com
==== 0
33700000
best_cut 0 com
==== 0
33800000
best_cut 0 com
==== 0
33900000
best_cut 0 com
==== 0
34000000
best_cut 0 com
==== 0
34100000
best_cut 0 com
==== 0
34200000
best_cut 0 com
==== 0
34300000
best_cut 0 com
==== 0
34400000
best_cut 0 com
==== 0
34500000
best_cut 0 com
==== 0
34600000
best_cut 0 com
==== 0
34700000
best_cut 0 com
==== 0
34800000
best_cut 0 com
==== 0
34900000
best_cut 0 com
==== 0
35000000
best_cut 0 com
==== 0
35100000
best_cut 0 com
==== 0
35200000
best_cut 0 com
==== 0
35300000
best_cut 0 com
==== 0
35400000
best_cut 0 com
==== 0
35500000
best_cut 0 com
==== 0
35600000
best_cut 0 com
==== 0
35700000
best_cut 0 com
==== 0
35800000
best_cut 0 com
==== 0
35900000
best_cut 0 com
==== 0
36000000
best_cut 0 com
==== 0
36100000
best_cut 0 com
==== 0
36200000
best_cut 0 com
==== 0
36300000
best_cut 0 com
==== 0
36400000
best_cut 0 com
==== 0
36500000
best_cut 0 com
==== 0
36600000
best_cut 0 com
==== 0
36700000
best_cut 0 com
==== 0
36800000
best_cut 0 com
==== 0
36900000
best_cut 0 com
==== 0
37000000
best_cut 0 com
==== 0
37100000
best_cut 0 com
==== 0
37200000
best_cut 0 com
==== 0
37300000
best_cut 0 com
==== 0
37400000
best_cut 0 com
==== 0
37500000
best_cut 0 com
==== 0
37600000
best_cut 0 com
==== 0
37700000
best_cut 0 com
==== 0
37800000
best_cut 0 com
==== 0
37900000
best_cut 0 com
==== 0
38000000
best_cut 0 com
==== 0
38100000
best_cut 0 com
==== 0
38200000
best_cut 0 com
==== 0
38300000
best_cut 0 com
==== 0
38400000
best_cut 0 com
==== 0
38500000
best_cut 0 com
==== 0
38600000
best_cut 0 com
==== 0
38700000
best_cut 0 com
==== 0
38800000
best_cut 0 com
==== 0
38900000
best_cut 0 com
==== 0
39000000
best_cut 0 com
==== 0
39100000
best_cut 0 com
==== 0
39200000
best_cut 0 com
==== 0
39300000
best_cut 0 com
==== 0
39400000
best_cut 0 com
==== 0
39500000
best_cut 0 com
==== 0
39600000
best_cut 0 com
==== 0
39700000
best_cut 0 com
==== 0
39800000
best_cut 0 com
==== 0
39900000
best_cut 0 com
==== 0
40000000
best_cut 0 com
==== 0
40100000
best_cut 0 com
==== 0
40200000
best_cut 0 com
==== 0
40300000
best_cut 0 com
==== 0
------------ 
policy: com 
minutes: 35.0 
sim time: 40400000 
sec/simsec: 0.0001 
Jobs completed: 404 
senario: 1 
------------
40400000
best_cut 0 com
==== 0
40500000
best_cut 0 com
==== 0
40600000
best_cut 0 com
==== 0
40700000
best_cut 0 com
==== 0
40800000
best_cut 0 com
==== 0
40900000
best_cut 0 com
==== 0
41000000
best_cut 0 com
==== 0
41100000
best_cut 0 com
==== 0
41200000
best_cut 0 com
==== 0
41300000
best_cut 0 com
==== 0
41400000
best_cut 0 com
==== 0
41500000
best_cut 0 com
==== 0
41600000
best_cut 0 com
==== 0
41700000
best_cut 0 com
==== 0
41800000
best_cut 0 com
==== 0
41900000
best_cut 0 com
==== 0
42000000
best_cut 0 com
==== 0
42100000
best_cut 0 com
==== 0
42200000
best_cut 0 com
==== 0
42300000
best_cut 0 com
==== 0
42400000
best_cut 0 com
==== 0
42500000
best_cut 0 com
==== 0
42600000
best_cut 0 com
==== 0
42700000
best_cut 0 com
==== 0
42800000
best_cut 0 com
==== 0
42900000
best_cut 0 com
==== 0
43000000
best_cut 0 com
==== 0
43100000
best_cut 0 com
==== 0
43200000
best_cut 0 com
==== 0
43300000
best_cut 0 com
==== 0
43400000
best_cut 0 com
==== 0
43500000
best_cut 0 com
==== 0
43600000
best_cut 0 com
==== 0
43700000
best_cut 0 com
==== 0
43800000
best_cut 0 com
==== 0
43900000
best_cut 0 com
==== 0
44000000
best_cut 0 com
==== 0
44100000
best_cut 0 com
==== 0
44200000
best_cut 0 com
==== 0
44300000
best_cut 0 com
==== 0
44400000
best_cut 0 com
==== 0
44500000
best_cut 0 com
==== 0
44600000
best_cut 0 com
==== 0
44700000
best_cut 0 com
==== 0
44800000
best_cut 0 com
==== 0
44900000
best_cut 0 com
==== 0
45000000
best_cut 0 com
==== 0
45100000
best_cut 0 com
==== 0
45200000
best_cut 0 com
==== 0
45300000
best_cut 0 com
==== 0
45400000
best_cut 0 com
==== 0
45500000
best_cut 0 com
==== 0
45600000
best_cut 0 com
==== 0
45700000
best_cut 0 com
==== 0
45800000
best_cut 0 com
==== 0
45900000
best_cut 0 com
==== 0
46000000
best_cut 0 com
==== 0
46100000
best_cut 0 com
==== 0
46200000
best_cut 0 com
==== 0
46300000
best_cut 0 com
==== 0
46400000
best_cut 0 com
==== 0
46500000
best_cut 0 com
==== 0
46600000
best_cut 0 com
==== 0
46700000
best_cut 0 com
==== 0
46800000
best_cut 0 com
==== 0
46900000
best_cut 0 com
==== 0
47000000
best_cut 0 com
==== 0
47100000
best_cut 0 com
==== 0
47200000
best_cut 0 com
==== 0
47300000
best_cut 0 com
==== 0
47400000
best_cut 0 com
==== 0
47500000
best_cut 0 com
==== 0
47600000
best_cut 0 com
==== 0
47700000
best_cut 0 com
==== 0
47800000
best_cut 0 com
==== 0
47900000
best_cut 0 com
==== 0
48000000
best_cut 0 com
==== 0
48100000
best_cut 0 com
==== 0
48200000
best_cut 0 com
==== 0
48300000
best_cut 0 com
==== 0
48400000
best_cut 0 com
==== 0
48500000
best_cut 0 com
==== 0
48600000
best_cut 0 com
==== 0
48700000
best_cut 0 com
==== 0
48800000
best_cut 0 com
==== 0
48900000
best_cut 0 com
==== 0
49000000
best_cut 0 com
==== 0
49100000
best_cut 0 com
==== 0
49200000
best_cut 0 com
==== 0
49300000
best_cut 0 com
==== 0
49400000
best_cut 0 com
==== 0
49500000
best_cut 0 com
==== 0
49600000
best_cut 0 com
==== 0
49700000
best_cut 0 com
==== 0
49800000
best_cut 0 com
==== 0
49900000
best_cut 0 com
==== 0
50000000
best_cut 0 com
==== 0
44.469472563266756 2668.1683599948883 4.851215200857683e-06
