{'senario': 3, 'policy': 'fp', 'STORAGE_NUM_CORES': 1, 'code_name': '3_fp_1'}
==== 2
0
==== 2
100000
==== 2
200000
==== 2
300000
==== 2
400000
==== 2
500000
==== 2
600000
==== 2
700000
==== 2
800000
==== 2
900000
==== 2
1000000
==== 2
1100000
==== 2
1200000
==== 2
1300000
==== 2
1400000
==== 2
1500000
==== 2
1600000
==== 2
1700000
==== 2
1800000
==== 2
1900000
==== 2
2000000
==== 2
2100000
==== 2
2200000
==== 2
2300000
==== 2
2400000
==== 2
2500000
==== 2
2600000
==== 2
2700000
==== 2
2800000
==== 2
2900000
==== 2
3000000
==== 2
3100000
==== 2
3200000
==== 2
3300000
==== 2
3400000
==== 2
3500000
==== 2
3600000
==== 2
3700000
==== 2
3800000
==== 2
3900000
==== 2
4000000
==== 2
4100000
==== 2
4200000
==== 2
4300000
==== 2
4400000
==== 2
4500000
==== 2
4600000
==== 2
4700000
==== 2
4800000
==== 2
4900000
==== 2
5000000
==== 2
5100000
==== 2
5200000
==== 2
5300000
==== 2
5400000
==== 2
5500000
==== 2
5600000
==== 2
5700000
==== 2
5800000
==== 2
5900000
==== 2
6000000
==== 2
6100000
==== 2
6200000
==== 2
6300000
==== 2
6400000
==== 2
6500000
==== 2
6600000
==== 2
6700000
==== 2
6800000
==== 2
6900000
==== 2
7000000
==== 2
7100000
==== 2
7200000
==== 2
7300000
==== 2
7400000
==== 2
7500000
==== 2
7600000
==== 2
7700000
==== 2
7800000
==== 2
7900000
==== 2
8000000
==== 2
8100000
==== 2
8200000
==== 2
8300000
==== 2
8400000
==== 2
8500000
==== 2
8600000
==== 2
8700000
==== 2
8800000
==== 2
8900000
==== 2
9000000
==== 2
9100000
==== 2
9200000
==== 2
9300000
==== 2
9400000
==== 2
9500000
==== 2
9600000
==== 2
9700000
==== 2
9800000
==== 2
9900000
==== 2
10000000
==== 2
------------ 
policy: fp 
minutes: 8.0 
sim time: 10100000 
sec/simsec: 0.0000 
Jobs completed: 101 
senario: 3 
------------
10100000
==== 2
10200000
==== 2
10300000
==== 2
10400000
==== 2
10500000
==== 2
10600000
==== 2
10700000
==== 2
10800000
==== 2
10900000
==== 2
11000000
==== 2
11100000
==== 2
11200000
==== 2
11300000
==== 2
11400000
==== 2
11500000
==== 2
11600000
==== 2
11700000
==== 2
11800000
==== 2
11900000
==== 2
12000000
==== 2
12100000
==== 2
12200000
==== 2
12300000
==== 2
12400000
==== 2
12500000
==== 2
12600000
==== 2
12700000
==== 2
12800000
==== 2
12900000
==== 2
13000000
==== 2
13100000
==== 2
13200000
==== 2
13300000
==== 2
13400000
==== 2
13500000
==== 2
13600000
==== 2
13700000
==== 2
13800000
==== 2
13900000
==== 2
14000000
==== 2
14100000
==== 2
14200000
==== 2
14300000
==== 2
14400000
==== 2
14500000
==== 2
14600000
==== 2
14700000
==== 2
14800000
==== 2
14900000
==== 2
15000000
==== 2
15100000
==== 2
15200000
==== 2
15300000
==== 2
15400000
==== 2
15500000
==== 2
15600000
==== 2
15700000
==== 2
15800000
==== 2
15900000
==== 2
16000000
==== 2
16100000
==== 2
16200000
==== 2
16300000
==== 2
16400000
==== 2
16500000
==== 2
16600000
==== 2
16700000
==== 2
16800000
==== 2
16900000
==== 2
17000000
==== 2
17100000
==== 2
17200000
==== 2
17300000
==== 2
17400000
==== 2
17500000
==== 2
17600000
==== 2
17700000
==== 2
17800000
==== 2
17900000
==== 2
18000000
==== 2
18100000
==== 2
18200000
==== 2
18300000
==== 2
18400000
==== 2
18500000
==== 2
18600000
==== 2
18700000
==== 2
18800000
==== 2
18900000
==== 2
19000000
==== 2
19100000
==== 2
19200000
==== 2
19300000
==== 2
19400000
==== 2
19500000
==== 2
19600000
==== 2
19700000
==== 2
19800000
==== 2
19900000
==== 2
20000000
==== 2
20100000
==== 2
------------ 
policy: fp 
minutes: 16.0 
sim time: 20200000 
sec/simsec: 0.0001 
Jobs completed: 202 
senario: 3 
------------
20200000
==== 2
20300000
==== 2
20400000
==== 2
20500000
==== 2
20600000
==== 2
20700000
==== 2
20800000
==== 2
20900000
==== 2
21000000
==== 2
21100000
==== 2
21200000
==== 2
21300000
==== 2
21400000
==== 2
21500000
==== 2
21600000
==== 2
21700000
==== 2
21800000
==== 2
21900000
==== 2
22000000
==== 2
22100000
==== 2
22200000
==== 2
22300000
==== 2
22400000
==== 2
22500000
==== 2
22600000
==== 2
22700000
==== 2
22800000
==== 2
22900000
==== 2
23000000
==== 2
23100000
==== 2
23200000
==== 2
23300000
==== 2
23400000
==== 2
23500000
==== 2
23600000
==== 2
23700000
==== 2
23800000
==== 2
23900000
==== 2
24000000
==== 2
24100000
==== 2
24200000
==== 2
24300000
==== 2
24400000
==== 2
24500000
==== 2
24600000
==== 2
24700000
==== 2
24800000
==== 2
24900000
==== 2
25000000
==== 2
25100000
==== 2
25200000
==== 2
25300000
==== 2
25400000
==== 2
25500000
==== 2
25600000
==== 2
25700000
==== 2
25800000
==== 2
25900000
==== 2
26000000
==== 2
26100000
==== 2
26200000
==== 2
26300000
==== 2
26400000
==== 2
26500000
==== 2
26600000
==== 2
26700000
==== 2
26800000
==== 2
26900000
==== 2
27000000
==== 2
27100000
==== 2
27200000
==== 2
27300000
==== 2
27400000
==== 2
27500000
==== 2
27600000
==== 2
27700000
==== 2
27800000
==== 2
27900000
==== 2
28000000
==== 2
28100000
==== 2
28200000
==== 2
28300000
==== 2
28400000
==== 2
28500000
==== 2
28600000
==== 2
28700000
==== 2
28800000
==== 2
28900000
==== 2
29000000
==== 2
29100000
==== 2
29200000
==== 2
29300000
==== 2
29400000
==== 2
29500000
==== 2
29600000
==== 2
29700000
==== 2
29800000
==== 2
29900000
==== 2
30000000
==== 2
30100000
==== 2
30200000
==== 2
------------ 
policy: fp 
minutes: 25.0 
sim time: 30300000 
sec/simsec: 0.0001 
Jobs completed: 303 
senario: 3 
------------
30300000
==== 2
30400000
==== 2
30500000
==== 2
30600000
==== 2
30700000
==== 2
30800000
==== 2
30900000
==== 2
31000000
==== 2
31100000
==== 2
31200000
==== 2
31300000
==== 2
31400000
==== 2
31500000
==== 2
31600000
==== 2
31700000
==== 2
31800000
==== 2
31900000
==== 2
32000000
==== 2
32100000
==== 2
32200000
==== 2
32300000
==== 2
32400000
==== 2
32500000
==== 2
32600000
==== 2
32700000
==== 2
32800000
==== 2
32900000
==== 2
33000000
==== 2
33100000
==== 2
33200000
==== 2
33300000
==== 2
33400000
==== 2
33500000
==== 2
33600000
==== 2
33700000
==== 2
33800000
==== 2
33900000
==== 2
34000000
==== 2
34100000
==== 2
34200000
==== 2
34300000
==== 2
34400000
==== 2
34500000
==== 2
34600000
==== 2
34700000
==== 2
34800000
==== 2
34900000
==== 2
35000000
==== 2
35100000
==== 2
35200000
==== 2
35300000
==== 2
35400000
==== 2
35500000
==== 2
35600000
==== 2
35700000
==== 2
35800000
==== 2
35900000
==== 2
36000000
==== 2
36100000
==== 2
36200000
==== 2
36300000
==== 2
36400000
==== 2
36500000
==== 2
36600000
==== 2
36700000
==== 2
36800000
==== 2
36900000
==== 2
37000000
==== 2
37100000
==== 2
37200000
==== 2
37300000
==== 2
37400000
==== 2
37500000
==== 2
37600000
==== 2
37700000
==== 2
37800000
==== 2
37900000
==== 2
38000000
==== 2
38100000
==== 2
38200000
==== 2
38300000
==== 2
38400000
==== 2
38500000
==== 2
38600000
==== 2
38700000
==== 2
38800000
==== 2
38900000
==== 2
39000000
==== 2
39100000
==== 2
39200000
==== 2
39300000
==== 2
39400000
==== 2
39500000
==== 2
39600000
==== 2
39700000
==== 2
39800000
==== 2
39900000
==== 2
40000000
==== 2
40100000
==== 2
40200000
==== 2
40300000
==== 2
------------ 
policy: fp 
minutes: 33.0 
sim time: 40400000 
sec/simsec: 0.0001 
Jobs completed: 404 
senario: 3 
------------
40400000
==== 2
40500000
==== 2
40600000
==== 2
40700000
==== 2
40800000
==== 2
40900000
==== 2
41000000
==== 2
41100000
==== 2
41200000
==== 2
41300000
==== 2
41400000
==== 2
41500000
==== 2
41600000
==== 2
41700000
==== 2
41800000
==== 2
41900000
==== 2
42000000
==== 2
42100000
==== 2
42200000
==== 2
42300000
==== 2
42400000
==== 2
42500000
==== 2
42600000
==== 2
42700000
==== 2
42800000
==== 2
42900000
==== 2
43000000
==== 2
43100000
==== 2
43200000
==== 2
43300000
==== 2
43400000
==== 2
43500000
==== 2
43600000
==== 2
43700000
==== 2
43800000
==== 2
43900000
==== 2
44000000
==== 2
44100000
==== 2
44200000
==== 2
44300000
==== 2
44400000
==== 2
44500000
==== 2
44600000
==== 2
44700000
==== 2
44800000
==== 2
44900000
==== 2
45000000
==== 2
45100000
==== 2
45200000
==== 2
45300000
==== 2
45400000
==== 2
45500000
==== 2
45600000
==== 2
45700000
==== 2
45800000
==== 2
45900000
==== 2
46000000
==== 2
46100000
==== 2
46200000
==== 2
46300000
==== 2
46400000
==== 2
46500000
==== 2
46600000
==== 2
46700000
==== 2
46800000
==== 2
46900000
==== 2
47000000
==== 2
47100000
==== 2
47200000
==== 2
47300000
==== 2
47400000
==== 2
47500000
==== 2
47600000
==== 2
47700000
==== 2
47800000
==== 2
47900000
==== 2
48000000
==== 2
48100000
==== 2
48200000
==== 2
48300000
==== 2
48400000
==== 2
48500000
==== 2
48600000
==== 2
48700000
==== 2
48800000
==== 2
48900000
==== 2
49000000
==== 2
49100000
==== 2
49200000
==== 2
49300000
==== 2
49400000
==== 2
49500000
==== 2
49600000
==== 2
49700000
==== 2
49800000
==== 2
49900000
==== 2
50000000
==== 2
42.19142431815465 2531.4854702949524 4.60270085551522e-06
